<?xml version="1.0" encoding="UTF-8"?>
<testng-results ignored="0" total="0" passed="0" failed="0" skipped="0">
  <reporter-output>
  </reporter-output>
  <suite started-at="2023-11-21T12:19:30 IST" name="StoreAutomation" finished-at="2023-11-21T12:19:30 IST" duration-ms="16">
    <groups>
    </groups>
    <test started-at="2023-11-21T12:19:30 IST" name="LoginDemo" finished-at="2023-11-21T12:19:30 IST" duration-ms="16">
    </test> <!-- LoginDemo -->
  </suite> <!-- StoreAutomation -->
</testng-results>
