<?xml version="1.0" encoding="UTF-8"?>
<!-- Generated by org.testng.reporters.JUnitXMLReporter -->
<testsuite ignored="2" hostname="LAPTOP-8FI90IP6" failures="0" tests="0" time="0.016" errors="0" timestamp="2023-11-21T12:19:30 IST">
  <testcase classname="listeners.LoginDemo" name="loginByFacebook" time="0.0">
    <ignored/>
  </testcase> <!-- loginByFacebook -->
  <testcase classname="listeners.LoginDemo" name="loginByEmail" time="0.0">
    <ignored/>
  </testcase> <!-- loginByEmail -->
</testsuite>
